<?xml version="1.0" encoding="UTF-8"?>
<testsuite xmlns:xsi="http://www.w3.org/2001/XMLSchema-instance" xsi:noNamespaceSchemaLocation="https://maven.apache.org/surefire/maven-surefire-plugin/xsd/surefire-test-report.xsd" name="com.embedded.AppTest" time="0.031" tests="1" errors="0" skipped="0" failures="0">
  <properties>
    <property name="java.specification.version" value="13"/>
    <property name="sun.jnu.encoding" value="UTF-8"/>
    <property name="java.class.path" value="/Users/lilim/Rule/demo/target/test-classes:/Users/lilim/Rule/demo/target/classes:/Users/lilim/.m2/repository/junit/junit/4.11/junit-4.11.jar:/Users/lilim/.m2/repository/org/hamcrest/hamcrest-core/1.3/hamcrest-core-1.3.jar:/Users/lilim/.m2/repository/org/kie/kie-dmn-core/7.48.0.Final-redhat-00004/kie-dmn-core-7.48.0.Final-redhat-00004.jar:/Users/lilim/.m2/repository/org/kie/kie-dmn-api/7.48.0.Final-redhat-00004/kie-dmn-api-7.48.0.Final-redhat-00004.jar:/Users/lilim/.m2/repository/org/kie/kie-dmn-model/7.48.0.Final-redhat-00004/kie-dmn-model-7.48.0.Final-redhat-00004.jar:/Users/lilim/.m2/repository/org/kie/kie-dmn-backend/7.48.0.Final-redhat-00004/kie-dmn-backend-7.48.0.Final-redhat-00004.jar:/Users/lilim/.m2/repository/org/kie/soup/kie-soup-xstream/7.48.0.Final-redhat-00004/kie-soup-xstream-7.48.0.Final-redhat-00004.jar:/Users/lilim/.m2/repository/org/kie/kie-dmn-feel/7.48.0.Final-redhat-00004/kie-dmn-feel-7.48.0.Final-redhat-00004.jar:/Users/lilim/.m2/repository/ch/obermuhlner/big-math/2.0.1/big-math-2.0.1.jar:/Users/lilim/.m2/repository/org/kie/kie-api/7.48.0.Final-redhat-00004/kie-api-7.48.0.Final-redhat-00004.jar:/Users/lilim/.m2/repository/org/kie/kie-internal/7.48.0.Final-redhat-00004/kie-internal-7.48.0.Final-redhat-00004.jar:/Users/lilim/.m2/repository/org/kie/kie-memory-compiler/7.48.0.Final-redhat-00004/kie-memory-compiler-7.48.0.Final-redhat-00004.jar:/Users/lilim/.m2/repository/org/drools/drools-core-reflective/7.48.0.Final-redhat-00004/drools-core-reflective-7.48.0.Final-redhat-00004.jar:/Users/lilim/.m2/repository/org/drools/drools-core/7.48.0.Final-redhat-00004/drools-core-7.48.0.Final-redhat-00004.jar:/Users/lilim/.m2/repository/commons-codec/commons-codec/1.11.0.redhat-00001/commons-codec-1.11.0.redhat-00001.jar:/Users/lilim/.m2/repository/org/drools/drools-ruleunit/7.48.0.Final-redhat-00004/drools-ruleunit-7.48.0.Final-redhat-00004.jar:/Users/lilim/.m2/repository/org/drools/drools-canonical-model/7.48.0.Final-redhat-00004/drools-canonical-model-7.48.0.Final-redhat-00004.jar:/Users/lilim/.m2/repository/org/drools/drools-model-compiler/7.48.0.Final-redhat-00004/drools-model-compiler-7.48.0.Final-redhat-00004.jar:/Users/lilim/.m2/repository/org/drools/drools-mvel-compiler/7.48.0.Final-redhat-00004/drools-mvel-compiler-7.48.0.Final-redhat-00004.jar:/Users/lilim/.m2/repository/com/github/javaparser/javaparser-core/3.13.10/javaparser-core-3.13.10.jar:/Users/lilim/.m2/repository/org/drools/drools-mvel-parser/7.48.0.Final-redhat-00004/drools-mvel-parser-7.48.0.Final-redhat-00004.jar:/Users/lilim/.m2/repository/org/slf4j/slf4j-api/1.7.26.redhat-00001/slf4j-api-1.7.26.redhat-00001.jar:/Users/lilim/.m2/repository/org/antlr/antlr4-runtime/4.8.0.redhat-00002/antlr4-runtime-4.8.0.redhat-00002.jar:/Users/lilim/.m2/repository/org/jpmml/pmml-model/1.5.1/pmml-model-1.5.1.jar:/Users/lilim/.m2/repository/org/jpmml/pmml-agent/1.5.1/pmml-agent-1.5.1.jar:/Users/lilim/.m2/repository/org/kie/kie-ci/7.48.0.Final-redhat-00004/kie-ci-7.48.0.Final-redhat-00004.jar:/Users/lilim/.m2/repository/org/drools/drools-core-dynamic/7.48.0.Final-redhat-00004/drools-core-dynamic-7.48.0.Final-redhat-00004.jar:/Users/lilim/.m2/repository/org/drools/drools-mvel/7.48.0.Final-redhat-00004/drools-mvel-7.48.0.Final-redhat-00004.jar:/Users/lilim/.m2/repository/org/mvel/mvel2/2.4.11.Final-redhat-00001/mvel2-2.4.11.Final-redhat-00001.jar:/Users/lilim/.m2/repository/org/kie/soup/kie-soup-project-datamodel-commons/7.48.0.Final-redhat-00004/kie-soup-project-datamodel-commons-7.48.0.Final-redhat-00004.jar:/Users/lilim/.m2/repository/org/kie/soup/kie-soup-commons/7.48.0.Final-redhat-00004/kie-soup-commons-7.48.0.Final-redhat-00004.jar:/Users/lilim/.m2/repository/org/kie/soup/kie-soup-project-datamodel-api/7.48.0.Final-redhat-00004/kie-soup-project-datamodel-api-7.48.0.Final-redhat-00004.jar:/Users/lilim/.m2/repository/org/drools/drools-serialization-protobuf/7.48.0.Final-redhat-00004/drools-serialization-protobuf-7.48.0.Final-redhat-00004.jar:/Users/lilim/.m2/repository/com/google/protobuf/protobuf-java/3.6.1/protobuf-java-3.6.1.jar:/Users/lilim/.m2/repository/org/kie/soup/kie-soup-maven-support/7.48.0.Final-redhat-00004/kie-soup-maven-support-7.48.0.Final-redhat-00004.jar:/Users/lilim/.m2/repository/org/kie/soup/kie-soup-maven-integration/7.48.0.Final-redhat-00004/kie-soup-maven-integration-7.48.0.Final-redhat-00004.jar:/Users/lilim/.m2/repository/org/apache/maven/maven-artifact/3.3.9.redhat-2/maven-artifact-3.3.9.redhat-2.jar:/Users/lilim/.m2/repository/org/apache/maven/maven-plugin-api/3.3.9.redhat-2/maven-plugin-api-3.3.9.redhat-2.jar:/Users/lilim/.m2/repository/org/eclipse/aether/aether-util/1.1.0.redhat-1/aether-util-1.1.0.redhat-1.jar:/Users/lilim/.m2/repository/org/eclipse/aether/aether-spi/1.1.0.redhat-1/aether-spi-1.1.0.redhat-1.jar:/Users/lilim/.m2/repository/org/eclipse/aether/aether-transport-file/1.1.0.redhat-1/aether-transport-file-1.1.0.redhat-1.jar:/Users/lilim/.m2/repository/org/eclipse/aether/aether-transport-http/1.1.0.redhat-1/aether-transport-http-1.1.0.redhat-1.jar:/Users/lilim/.m2/repository/org/apache/ant/ant/1.9.15/ant-1.9.15.jar:/Users/lilim/.m2/repository/org/apache/ant/ant-launcher/1.9.15/ant-launcher-1.9.15.jar:/Users/lilim/.m2/repository/org/apache/httpcomponents/httpcore/4.4.6/httpcore-4.4.6.jar:/Users/lilim/.m2/repository/com/google/inject/guice/4.0.0.redhat-2/guice-4.0.0.redhat-2-no_aop.jar:/Users/lilim/.m2/repository/javax/inject/javax.inject/1.0.0.redhat-6/javax.inject-1.0.0.redhat-6.jar:/Users/lilim/.m2/repository/aopalliance/aopalliance/1.0.0.redhat-2/aopalliance-1.0.0.redhat-2.jar:/Users/lilim/.m2/repository/org/apache/maven/maven-core/3.3.9.redhat-2/maven-core-3.3.9.redhat-2.jar:/Users/lilim/.m2/repository/org/apache/maven/maven-repository-metadata/3.3.9.redhat-2/maven-repository-metadata-3.3.9.redhat-2.jar:/Users/lilim/.m2/repository/org/codehaus/plexus/plexus-interpolation/1.21.0.redhat-1/plexus-interpolation-1.21.0.redhat-1.jar:/Users/lilim/.m2/repository/org/codehaus/plexus/plexus-component-annotations/1.6.0.redhat-1/plexus-component-annotations-1.6.0.redhat-1.jar:/Users/lilim/.m2/repository/org/apache/commons/commons-lang3/3.4.0.redhat-003/commons-lang3-3.4.0.redhat-003.jar:/Users/lilim/.m2/repository/org/apache/maven/maven-model/3.3.9.redhat-2/maven-model-3.3.9.redhat-2.jar:/Users/lilim/.m2/repository/org/apache/maven/maven-model-builder/3.3.9.redhat-2/maven-model-builder-3.3.9.redhat-2.jar:/Users/lilim/.m2/repository/org/apache/maven/maven-builder-support/3.3.9.redhat-2/maven-builder-support-3.3.9.redhat-2.jar:/Users/lilim/.m2/repository/com/google/guava/guava/18.0.0.redhat-1/guava-18.0.0.redhat-1.jar:/Users/lilim/.m2/repository/org/apache/maven/maven-settings/3.3.9.redhat-2/maven-settings-3.3.9.redhat-2.jar:/Users/lilim/.m2/repository/org/apache/maven/maven-settings-builder/3.3.9.redhat-2/maven-settings-builder-3.3.9.redhat-2.jar:/Users/lilim/.m2/repository/org/apache/maven/maven-compat/3.3.9.redhat-2/maven-compat-3.3.9.redhat-2.jar:/Users/lilim/.m2/repository/org/apache/maven/maven-aether-provider/3.3.9.redhat-2/maven-aether-provider-3.3.9.redhat-2.jar:/Users/lilim/.m2/repository/org/apache/maven/wagon/wagon-provider-api/3.0.0.redhat-2/wagon-provider-api-3.0.0.redhat-2.jar:/Users/lilim/.m2/repository/org/sonatype/plexus/plexus-sec-dispatcher/1.3.0.redhat-1/plexus-sec-dispatcher-1.3.0.redhat-1.jar:/Users/lilim/.m2/repository/org/codehaus/plexus/plexus-classworlds/2.5.2.redhat-2/plexus-classworlds-2.5.2.redhat-2.jar:/Users/lilim/.m2/repository/org/codehaus/plexus/plexus-utils/3.0.22.redhat-00001/plexus-utils-3.0.22.redhat-00001.jar:/Users/lilim/.m2/repository/org/eclipse/aether/aether-api/1.1.0.redhat-1/aether-api-1.1.0.redhat-1.jar:/Users/lilim/.m2/repository/org/eclipse/aether/aether-impl/1.1.0.redhat-1/aether-impl-1.1.0.redhat-1.jar:/Users/lilim/.m2/repository/org/eclipse/aether/aether-connector-basic/1.1.0.redhat-1/aether-connector-basic-1.1.0.redhat-1.jar:/Users/lilim/.m2/repository/org/eclipse/aether/aether-transport-wagon/1.1.0.redhat-1/aether-transport-wagon-1.1.0.redhat-1.jar:/Users/lilim/.m2/repository/org/eclipse/sisu/org.eclipse.sisu.plexus/0.3.2.redhat-00002/org.eclipse.sisu.plexus-0.3.2.redhat-00002.jar:/Users/lilim/.m2/repository/javax/enterprise/cdi-api/1.0/cdi-api-1.0.jar:/Users/lilim/.m2/repository/javax/annotation/jsr250-api/1.0/jsr250-api-1.0.jar:/Users/lilim/.m2/repository/org/eclipse/sisu/org.eclipse.sisu.inject.extender/0.3.2.redhat-00002/org.eclipse.sisu.inject.extender-0.3.2.redhat-00002.jar:/Users/lilim/.m2/repository/org/eclipse/sisu/org.eclipse.sisu.inject/0.3.2.redhat-00002/org.eclipse.sisu.inject-0.3.2.redhat-00002.jar:/Users/lilim/.m2/repository/org/apache/maven/wagon/wagon-http/3.0.0.redhat-2/wagon-http-3.0.0.redhat-2.jar:/Users/lilim/.m2/repository/org/apache/maven/wagon/wagon-http-shared/3.0.0.redhat-2/wagon-http-shared-3.0.0.redhat-2.jar:/Users/lilim/.m2/repository/org/jsoup/jsoup/1.7.2/jsoup-1.7.2.jar:/Users/lilim/.m2/repository/org/apache/httpcomponents/httpclient/4.5.3/httpclient-4.5.3.jar:/Users/lilim/.m2/repository/commons-io/commons-io/2.6.0.redhat-00001/commons-io-2.6.0.redhat-00001.jar:/Users/lilim/.m2/repository/org/slf4j/jcl-over-slf4j/1.7.26.redhat-00001/jcl-over-slf4j-1.7.26.redhat-00001.jar:/Users/lilim/.m2/repository/org/sonatype/plexus/plexus-cipher/1.7.0.redhat-1/plexus-cipher-1.7.0.redhat-1.jar:/Users/lilim/.m2/repository/org/drools/drools-compiler/7.48.0.Final-redhat-00004/drools-compiler-7.48.0.Final-redhat-00004.jar:/Users/lilim/.m2/repository/org/drools/drools-ecj/7.48.0.Final-redhat-00004/drools-ecj-7.48.0.Final-redhat-00004.jar:/Users/lilim/.m2/repository/org/antlr/antlr-runtime/3.5.2.redhat-1/antlr-runtime-3.5.2.redhat-1.jar:/Users/lilim/.m2/repository/com/thoughtworks/xstream/xstream/1.4.14.redhat-00001/xstream-1.4.14.redhat-00001.jar:/Users/lilim/.m2/repository/xmlpull/xmlpull/1.1.3.1/xmlpull-1.1.3.1.jar:/Users/lilim/.m2/repository/xpp3/xpp3_min/1.1.4c-redhat-2/xpp3_min-1.1.4c-redhat-2.jar:"/>
    <property name="java.vm.vendor" value="Oracle Corporation"/>
    <property name="sun.arch.data.model" value="64"/>
    <property name="java.vendor.url" value="https://openjdk.java.net/"/>
    <property name="os.name" value="Mac OS X"/>
    <property name="java.vm.specification.version" value="13"/>
    <property name="sun.java.launcher" value="SUN_STANDARD"/>
    <property name="user.country" value="SG"/>
    <property name="sun.boot.library.path" value="/usr/local/Cellar/openjdk/13.0.2+8_2/libexec/openjdk.jdk/Contents/Home/lib"/>
    <property name="sun.java.command" value="/Users/lilim/Rule/demo/target/surefire/surefirebooter17093570052848091895.jar /Users/lilim/Rule/demo/target/surefire 2021-06-13T00-42-33_112-jvmRun1 surefire33371577761767569tmp surefire_018330880412950221357tmp"/>
    <property name="jdk.debug" value="release"/>
    <property name="surefire.test.class.path" value="/Users/lilim/Rule/demo/target/test-classes:/Users/lilim/Rule/demo/target/classes:/Users/lilim/.m2/repository/junit/junit/4.11/junit-4.11.jar:/Users/lilim/.m2/repository/org/hamcrest/hamcrest-core/1.3/hamcrest-core-1.3.jar:/Users/lilim/.m2/repository/org/kie/kie-dmn-core/7.48.0.Final-redhat-00004/kie-dmn-core-7.48.0.Final-redhat-00004.jar:/Users/lilim/.m2/repository/org/kie/kie-dmn-api/7.48.0.Final-redhat-00004/kie-dmn-api-7.48.0.Final-redhat-00004.jar:/Users/lilim/.m2/repository/org/kie/kie-dmn-model/7.48.0.Final-redhat-00004/kie-dmn-model-7.48.0.Final-redhat-00004.jar:/Users/lilim/.m2/repository/org/kie/kie-dmn-backend/7.48.0.Final-redhat-00004/kie-dmn-backend-7.48.0.Final-redhat-00004.jar:/Users/lilim/.m2/repository/org/kie/soup/kie-soup-xstream/7.48.0.Final-redhat-00004/kie-soup-xstream-7.48.0.Final-redhat-00004.jar:/Users/lilim/.m2/repository/org/kie/kie-dmn-feel/7.48.0.Final-redhat-00004/kie-dmn-feel-7.48.0.Final-redhat-00004.jar:/Users/lilim/.m2/repository/ch/obermuhlner/big-math/2.0.1/big-math-2.0.1.jar:/Users/lilim/.m2/repository/org/kie/kie-api/7.48.0.Final-redhat-00004/kie-api-7.48.0.Final-redhat-00004.jar:/Users/lilim/.m2/repository/org/kie/kie-internal/7.48.0.Final-redhat-00004/kie-internal-7.48.0.Final-redhat-00004.jar:/Users/lilim/.m2/repository/org/kie/kie-memory-compiler/7.48.0.Final-redhat-00004/kie-memory-compiler-7.48.0.Final-redhat-00004.jar:/Users/lilim/.m2/repository/org/drools/drools-core-reflective/7.48.0.Final-redhat-00004/drools-core-reflective-7.48.0.Final-redhat-00004.jar:/Users/lilim/.m2/repository/org/drools/drools-core/7.48.0.Final-redhat-00004/drools-core-7.48.0.Final-redhat-00004.jar:/Users/lilim/.m2/repository/commons-codec/commons-codec/1.11.0.redhat-00001/commons-codec-1.11.0.redhat-00001.jar:/Users/lilim/.m2/repository/org/drools/drools-ruleunit/7.48.0.Final-redhat-00004/drools-ruleunit-7.48.0.Final-redhat-00004.jar:/Users/lilim/.m2/repository/org/drools/drools-canonical-model/7.48.0.Final-redhat-00004/drools-canonical-model-7.48.0.Final-redhat-00004.jar:/Users/lilim/.m2/repository/org/drools/drools-model-compiler/7.48.0.Final-redhat-00004/drools-model-compiler-7.48.0.Final-redhat-00004.jar:/Users/lilim/.m2/repository/org/drools/drools-mvel-compiler/7.48.0.Final-redhat-00004/drools-mvel-compiler-7.48.0.Final-redhat-00004.jar:/Users/lilim/.m2/repository/com/github/javaparser/javaparser-core/3.13.10/javaparser-core-3.13.10.jar:/Users/lilim/.m2/repository/org/drools/drools-mvel-parser/7.48.0.Final-redhat-00004/drools-mvel-parser-7.48.0.Final-redhat-00004.jar:/Users/lilim/.m2/repository/org/slf4j/slf4j-api/1.7.26.redhat-00001/slf4j-api-1.7.26.redhat-00001.jar:/Users/lilim/.m2/repository/org/antlr/antlr4-runtime/4.8.0.redhat-00002/antlr4-runtime-4.8.0.redhat-00002.jar:/Users/lilim/.m2/repository/org/jpmml/pmml-model/1.5.1/pmml-model-1.5.1.jar:/Users/lilim/.m2/repository/org/jpmml/pmml-agent/1.5.1/pmml-agent-1.5.1.jar:/Users/lilim/.m2/repository/org/kie/kie-ci/7.48.0.Final-redhat-00004/kie-ci-7.48.0.Final-redhat-00004.jar:/Users/lilim/.m2/repository/org/drools/drools-core-dynamic/7.48.0.Final-redhat-00004/drools-core-dynamic-7.48.0.Final-redhat-00004.jar:/Users/lilim/.m2/repository/org/drools/drools-mvel/7.48.0.Final-redhat-00004/drools-mvel-7.48.0.Final-redhat-00004.jar:/Users/lilim/.m2/repository/org/mvel/mvel2/2.4.11.Final-redhat-00001/mvel2-2.4.11.Final-redhat-00001.jar:/Users/lilim/.m2/repository/org/kie/soup/kie-soup-project-datamodel-commons/7.48.0.Final-redhat-00004/kie-soup-project-datamodel-commons-7.48.0.Final-redhat-00004.jar:/Users/lilim/.m2/repository/org/kie/soup/kie-soup-commons/7.48.0.Final-redhat-00004/kie-soup-commons-7.48.0.Final-redhat-00004.jar:/Users/lilim/.m2/repository/org/kie/soup/kie-soup-project-datamodel-api/7.48.0.Final-redhat-00004/kie-soup-project-datamodel-api-7.48.0.Final-redhat-00004.jar:/Users/lilim/.m2/repository/org/drools/drools-serialization-protobuf/7.48.0.Final-redhat-00004/drools-serialization-protobuf-7.48.0.Final-redhat-00004.jar:/Users/lilim/.m2/repository/com/google/protobuf/protobuf-java/3.6.1/protobuf-java-3.6.1.jar:/Users/lilim/.m2/repository/org/kie/soup/kie-soup-maven-support/7.48.0.Final-redhat-00004/kie-soup-maven-support-7.48.0.Final-redhat-00004.jar:/Users/lilim/.m2/repository/org/kie/soup/kie-soup-maven-integration/7.48.0.Final-redhat-00004/kie-soup-maven-integration-7.48.0.Final-redhat-00004.jar:/Users/lilim/.m2/repository/org/apache/maven/maven-artifact/3.3.9.redhat-2/maven-artifact-3.3.9.redhat-2.jar:/Users/lilim/.m2/repository/org/apache/maven/maven-plugin-api/3.3.9.redhat-2/maven-plugin-api-3.3.9.redhat-2.jar:/Users/lilim/.m2/repository/org/eclipse/aether/aether-util/1.1.0.redhat-1/aether-util-1.1.0.redhat-1.jar:/Users/lilim/.m2/repository/org/eclipse/aether/aether-spi/1.1.0.redhat-1/aether-spi-1.1.0.redhat-1.jar:/Users/lilim/.m2/repository/org/eclipse/aether/aether-transport-file/1.1.0.redhat-1/aether-transport-file-1.1.0.redhat-1.jar:/Users/lilim/.m2/repository/org/eclipse/aether/aether-transport-http/1.1.0.redhat-1/aether-transport-http-1.1.0.redhat-1.jar:/Users/lilim/.m2/repository/org/apache/ant/ant/1.9.15/ant-1.9.15.jar:/Users/lilim/.m2/repository/org/apache/ant/ant-launcher/1.9.15/ant-launcher-1.9.15.jar:/Users/lilim/.m2/repository/org/apache/httpcomponents/httpcore/4.4.6/httpcore-4.4.6.jar:/Users/lilim/.m2/repository/com/google/inject/guice/4.0.0.redhat-2/guice-4.0.0.redhat-2-no_aop.jar:/Users/lilim/.m2/repository/javax/inject/javax.inject/1.0.0.redhat-6/javax.inject-1.0.0.redhat-6.jar:/Users/lilim/.m2/repository/aopalliance/aopalliance/1.0.0.redhat-2/aopalliance-1.0.0.redhat-2.jar:/Users/lilim/.m2/repository/org/apache/maven/maven-core/3.3.9.redhat-2/maven-core-3.3.9.redhat-2.jar:/Users/lilim/.m2/repository/org/apache/maven/maven-repository-metadata/3.3.9.redhat-2/maven-repository-metadata-3.3.9.redhat-2.jar:/Users/lilim/.m2/repository/org/codehaus/plexus/plexus-interpolation/1.21.0.redhat-1/plexus-interpolation-1.21.0.redhat-1.jar:/Users/lilim/.m2/repository/org/codehaus/plexus/plexus-component-annotations/1.6.0.redhat-1/plexus-component-annotations-1.6.0.redhat-1.jar:/Users/lilim/.m2/repository/org/apache/commons/commons-lang3/3.4.0.redhat-003/commons-lang3-3.4.0.redhat-003.jar:/Users/lilim/.m2/repository/org/apache/maven/maven-model/3.3.9.redhat-2/maven-model-3.3.9.redhat-2.jar:/Users/lilim/.m2/repository/org/apache/maven/maven-model-builder/3.3.9.redhat-2/maven-model-builder-3.3.9.redhat-2.jar:/Users/lilim/.m2/repository/org/apache/maven/maven-builder-support/3.3.9.redhat-2/maven-builder-support-3.3.9.redhat-2.jar:/Users/lilim/.m2/repository/com/google/guava/guava/18.0.0.redhat-1/guava-18.0.0.redhat-1.jar:/Users/lilim/.m2/repository/org/apache/maven/maven-settings/3.3.9.redhat-2/maven-settings-3.3.9.redhat-2.jar:/Users/lilim/.m2/repository/org/apache/maven/maven-settings-builder/3.3.9.redhat-2/maven-settings-builder-3.3.9.redhat-2.jar:/Users/lilim/.m2/repository/org/apache/maven/maven-compat/3.3.9.redhat-2/maven-compat-3.3.9.redhat-2.jar:/Users/lilim/.m2/repository/org/apache/maven/maven-aether-provider/3.3.9.redhat-2/maven-aether-provider-3.3.9.redhat-2.jar:/Users/lilim/.m2/repository/org/apache/maven/wagon/wagon-provider-api/3.0.0.redhat-2/wagon-provider-api-3.0.0.redhat-2.jar:/Users/lilim/.m2/repository/org/sonatype/plexus/plexus-sec-dispatcher/1.3.0.redhat-1/plexus-sec-dispatcher-1.3.0.redhat-1.jar:/Users/lilim/.m2/repository/org/codehaus/plexus/plexus-classworlds/2.5.2.redhat-2/plexus-classworlds-2.5.2.redhat-2.jar:/Users/lilim/.m2/repository/org/codehaus/plexus/plexus-utils/3.0.22.redhat-00001/plexus-utils-3.0.22.redhat-00001.jar:/Users/lilim/.m2/repository/org/eclipse/aether/aether-api/1.1.0.redhat-1/aether-api-1.1.0.redhat-1.jar:/Users/lilim/.m2/repository/org/eclipse/aether/aether-impl/1.1.0.redhat-1/aether-impl-1.1.0.redhat-1.jar:/Users/lilim/.m2/repository/org/eclipse/aether/aether-connector-basic/1.1.0.redhat-1/aether-connector-basic-1.1.0.redhat-1.jar:/Users/lilim/.m2/repository/org/eclipse/aether/aether-transport-wagon/1.1.0.redhat-1/aether-transport-wagon-1.1.0.redhat-1.jar:/Users/lilim/.m2/repository/org/eclipse/sisu/org.eclipse.sisu.plexus/0.3.2.redhat-00002/org.eclipse.sisu.plexus-0.3.2.redhat-00002.jar:/Users/lilim/.m2/repository/javax/enterprise/cdi-api/1.0/cdi-api-1.0.jar:/Users/lilim/.m2/repository/javax/annotation/jsr250-api/1.0/jsr250-api-1.0.jar:/Users/lilim/.m2/repository/org/eclipse/sisu/org.eclipse.sisu.inject.extender/0.3.2.redhat-00002/org.eclipse.sisu.inject.extender-0.3.2.redhat-00002.jar:/Users/lilim/.m2/repository/org/eclipse/sisu/org.eclipse.sisu.inject/0.3.2.redhat-00002/org.eclipse.sisu.inject-0.3.2.redhat-00002.jar:/Users/lilim/.m2/repository/org/apache/maven/wagon/wagon-http/3.0.0.redhat-2/wagon-http-3.0.0.redhat-2.jar:/Users/lilim/.m2/repository/org/apache/maven/wagon/wagon-http-shared/3.0.0.redhat-2/wagon-http-shared-3.0.0.redhat-2.jar:/Users/lilim/.m2/repository/org/jsoup/jsoup/1.7.2/jsoup-1.7.2.jar:/Users/lilim/.m2/repository/org/apache/httpcomponents/httpclient/4.5.3/httpclient-4.5.3.jar:/Users/lilim/.m2/repository/commons-io/commons-io/2.6.0.redhat-00001/commons-io-2.6.0.redhat-00001.jar:/Users/lilim/.m2/repository/org/slf4j/jcl-over-slf4j/1.7.26.redhat-00001/jcl-over-slf4j-1.7.26.redhat-00001.jar:/Users/lilim/.m2/repository/org/sonatype/plexus/plexus-cipher/1.7.0.redhat-1/plexus-cipher-1.7.0.redhat-1.jar:/Users/lilim/.m2/repository/org/drools/drools-compiler/7.48.0.Final-redhat-00004/drools-compiler-7.48.0.Final-redhat-00004.jar:/Users/lilim/.m2/repository/org/drools/drools-ecj/7.48.0.Final-redhat-00004/drools-ecj-7.48.0.Final-redhat-00004.jar:/Users/lilim/.m2/repository/org/antlr/antlr-runtime/3.5.2.redhat-1/antlr-runtime-3.5.2.redhat-1.jar:/Users/lilim/.m2/repository/com/thoughtworks/xstream/xstream/1.4.14.redhat-00001/xstream-1.4.14.redhat-00001.jar:/Users/lilim/.m2/repository/xmlpull/xmlpull/1.1.3.1/xmlpull-1.1.3.1.jar:/Users/lilim/.m2/repository/xpp3/xpp3_min/1.1.4c-redhat-2/xpp3_min-1.1.4c-redhat-2.jar:"/>
    <property name="sun.cpu.endian" value="little"/>
    <property name="user.home" value="/Users/lilim"/>
    <property name="user.language" value="en"/>
    <property name="java.specification.vendor" value="Oracle Corporation"/>
    <property name="java.version.date" value="2020-01-14"/>
    <property name="java.home" value="/usr/local/Cellar/openjdk/13.0.2+8_2/libexec/openjdk.jdk/Contents/Home"/>
    <property name="file.separator" value="/"/>
    <property name="basedir" value="/Users/lilim/Rule/demo"/>
    <property name="java.vm.compressedOopsMode" value="Zero based"/>
    <property name="line.separator" value="&#10;"/>
    <property name="java.vm.specification.vendor" value="Oracle Corporation"/>
    <property name="java.specification.name" value="Java Platform API Specification"/>
    <property name="surefire.real.class.path" value="/Users/lilim/Rule/demo/target/surefire/surefirebooter17093570052848091895.jar"/>
    <property name="sun.management.compiler" value="HotSpot 64-Bit Tiered Compilers"/>
    <property name="java.runtime.version" value="13.0.2+8"/>
    <property name="user.name" value="lilim"/>
    <property name="path.separator" value=":"/>
    <property name="os.version" value="10.16"/>
    <property name="java.runtime.name" value="OpenJDK Runtime Environment"/>
    <property name="file.encoding" value="UTF-8"/>
    <property name="java.vm.name" value="OpenJDK 64-Bit Server VM"/>
    <property name="localRepository" value="/Users/lilim/.m2/repository"/>
    <property name="java.vendor.url.bug" value="https://bugreport.java.com/bugreport/"/>
    <property name="java.io.tmpdir" value="/var/folders/tf/95qxvcjn7hq26xchxt66cl_h0000gn/T/"/>
    <property name="java.version" value="13.0.2"/>
    <property name="user.dir" value="/Users/lilim/Rule/demo"/>
    <property name="os.arch" value="x86_64"/>
    <property name="java.vm.specification.name" value="Java Virtual Machine Specification"/>
    <property name="java.library.path" value="/Users/lilim/Library/Java/Extensions:/Library/Java/Extensions:/Network/Library/Java/Extensions:/System/Library/Java/Extensions:/usr/lib/java:."/>
    <property name="java.vm.info" value="mixed mode, sharing"/>
    <property name="java.vendor" value="N/A"/>
    <property name="java.vm.version" value="13.0.2+8"/>
    <property name="sun.io.unicode.encoding" value="UnicodeBig"/>
    <property name="java.class.version" value="57.0"/>
  </properties>
  <testcase name="shouldAnswerWithTrue" classname="com.embedded.AppTest" time="0.001"/>
</testsuite>